2026-04-30 13:25:15,352 [INFO] 🚀 Trading rig started
2026-04-30 13:25:15,352 [INFO]    Pairs: ['BTCUSDT', 'ETHUSDT', 'BNBUSDT']
2026-04-30 13:25:15,352 [INFO]    Interval: 15m
2026-04-30 13:25:15,352 [INFO]    Min confidence to fire: 70%
2026-04-30 13:25:15,352 [INFO] ──────────────────────────────────────────────────
2026-04-30 13:25:15,352 [INFO] 🔍 Scanning 3 pairs...
2026-04-30 13:25:15,751 [INFO] BTCUSDT | HOLD | RSI: 60.98 | MACD hist: 61.0808 | Confidence: 50%
2026-04-30 13:25:15,751 [INFO]    → No clear signal — conditions not fully met
2026-04-30 13:25:15,751 [INFO]    → RSI leaning overbought (60.98) but MACD not confirmed
2026-04-30 13:25:15,751 [INFO]    ⏸  No action taken (HOLD or low confidence)
2026-04-30 13:25:15,949 [INFO] ETHUSDT | HOLD | RSI: 58.04 | MACD hist: 2.1121 | Confidence: 50%
2026-04-30 13:25:15,949 [INFO]    → No clear signal — conditions not fully met
2026-04-30 13:25:15,950 [INFO]    ⏸  No action taken (HOLD or low confidence)
2026-04-30 13:25:16,252 [INFO] BNBUSDT | HOLD | RSI: 56.64 | MACD hist: 0.2446 | Confidence: 50%
2026-04-30 13:25:16,252 [INFO]    → No clear signal — conditions not fully met
2026-04-30 13:25:16,252 [INFO]    ⏸  No action taken (HOLD or low confidence)
2026-04-30 13:25:16,252 [INFO] 💤 Sleeping 15 minutes until next scan...
2026-04-30 13:32:29,502 [INFO] 🚀 Trading rig started
2026-04-30 13:32:29,503 [INFO]    Pairs: ['BTCUSDT', 'ETHUSDT', 'BNBUSDT']
2026-04-30 13:32:29,503 [INFO]    Interval: 15m
2026-04-30 13:32:29,503 [INFO]    Min confidence to fire: 0%
2026-04-30 13:32:29,503 [INFO] ──────────────────────────────────────────────────
2026-04-30 13:32:29,503 [INFO] 🔍 Scanning 3 pairs...
2026-04-30 13:32:29,728 [INFO] BTCUSDT | HOLD | RSI: 58.93 | MACD hist: 64.9653 | Confidence: 50%
2026-04-30 13:32:29,728 [INFO]    → No clear signal — conditions not fully met
2026-04-30 13:32:29,728 [INFO]    ⏸  No action taken (HOLD or low confidence)
2026-04-30 13:32:30,032 [INFO] ETHUSDT | HOLD | RSI: 56.57 | MACD hist: 2.2142 | Confidence: 50%
2026-04-30 13:32:30,032 [INFO]    → No clear signal — conditions not fully met
2026-04-30 13:32:30,032 [INFO]    ⏸  No action taken (HOLD or low confidence)
2026-04-30 13:32:30,230 [INFO] BNBUSDT | HOLD | RSI: 54.41 | MACD hist: 0.2526 | Confidence: 50%
2026-04-30 13:32:30,230 [INFO]    → No clear signal — conditions not fully met
2026-04-30 13:32:30,230 [INFO]    ⏸  No action taken (HOLD or low confidence)
2026-04-30 13:32:30,231 [INFO] 💤 Sleeping 15 minutes until next scan...
2026-04-30 13:47:30,231 [INFO] ──────────────────────────────────────────────────
2026-04-30 13:47:30,231 [INFO] 🔍 Scanning 3 pairs...
2026-04-30 13:47:30,519 [INFO] BTCUSDT | HOLD | RSI: 58.24 | MACD hist: 61.9396 | Confidence: 50%
2026-04-30 13:47:30,519 [INFO]    → No clear signal — conditions not fully met
2026-04-30 13:47:30,519 [INFO]    ⏸  No action taken (HOLD or low confidence)
2026-04-30 13:47:30,757 [INFO] ETHUSDT | HOLD | RSI: 56.38 | MACD hist: 2.1899 | Confidence: 50%
2026-04-30 13:47:30,757 [INFO]    → No clear signal — conditions not fully met
2026-04-30 13:47:30,757 [INFO]    ⏸  No action taken (HOLD or low confidence)
2026-04-30 13:47:30,959 [INFO] BNBUSDT | HOLD | RSI: 53.72 | MACD hist: 0.2639 | Confidence: 50%
2026-04-30 13:47:30,959 [INFO]    → No clear signal — conditions not fully met
2026-04-30 13:47:30,959 [INFO]    ⏸  No action taken (HOLD or low confidence)
2026-04-30 13:47:30,959 [INFO] 💤 Sleeping 15 minutes until next scan...
2026-04-30 14:02:30,959 [INFO] ──────────────────────────────────────────────────
2026-04-30 14:02:30,960 [INFO] 🔍 Scanning 3 pairs...
2026-04-30 14:02:31,283 [INFO] BTCUSDT | HOLD | RSI: 57.74 | MACD hist: 56.2007 | Confidence: 50%
2026-04-30 14:02:31,283 [INFO]    → No clear signal — conditions not fully met
2026-04-30 14:02:31,283 [INFO]    ⏸  No action taken (HOLD or low confidence)
2026-04-30 14:02:31,583 [INFO] ETHUSDT | HOLD | RSI: 55.81 | MACD hist: 1.9647 | Confidence: 50%
2026-04-30 14:02:31,583 [INFO]    → No clear signal — conditions not fully met
2026-04-30 14:02:31,583 [INFO]    ⏸  No action taken (HOLD or low confidence)
2026-04-30 14:02:31,897 [INFO] BNBUSDT | HOLD | RSI: 52.53 | MACD hist: 0.2311 | Confidence: 50%
2026-04-30 14:02:31,897 [INFO]    → No clear signal — conditions not fully met
2026-04-30 14:02:31,897 [INFO]    ⏸  No action taken (HOLD or low confidence)
2026-04-30 14:02:31,897 [INFO] 💤 Sleeping 15 minutes until next scan...
2026-04-30 14:17:31,897 [INFO] ──────────────────────────────────────────────────
2026-04-30 14:17:31,898 [INFO] 🔍 Scanning 3 pairs...
2026-04-30 14:17:32,227 [INFO] BTCUSDT | HOLD | RSI: 59.73 | MACD hist: 56.2482 | Confidence: 50%
2026-04-30 14:17:32,227 [INFO]    → No clear signal — conditions not fully met
2026-04-30 14:17:32,227 [INFO]    ⏸  No action taken (HOLD or low confidence)
2026-04-30 14:17:32,436 [INFO] ETHUSDT | HOLD | RSI: 58.36 | MACD hist: 2.0069 | Confidence: 50%
2026-04-30 14:17:32,436 [INFO]    → No clear signal — conditions not fully met
2026-04-30 14:17:32,436 [INFO]    ⏸  No action taken (HOLD or low confidence)
2026-04-30 14:17:32,937 [INFO] BNBUSDT | HOLD | RSI: 52.35 | MACD hist: 0.2057 | Confidence: 50%
2026-04-30 14:17:32,937 [INFO]    → No clear signal — conditions not fully met
2026-04-30 14:17:32,937 [INFO]    ⏸  No action taken (HOLD or low confidence)
2026-04-30 14:17:32,937 [INFO] 💤 Sleeping 15 minutes until next scan...
2026-04-30 14:32:32,937 [INFO] ──────────────────────────────────────────────────
2026-04-30 14:32:32,937 [INFO] 🔍 Scanning 3 pairs...
2026-04-30 14:32:33,470 [INFO] BTCUSDT | HOLD | RSI: 55.82 | MACD hist: 42.227 | Confidence: 50%
2026-04-30 14:32:33,471 [INFO]    → No clear signal — conditions not fully met
2026-04-30 14:32:33,471 [INFO]    ⏸  No action taken (HOLD or low confidence)
2026-04-30 14:32:33,770 [INFO] ETHUSDT | HOLD | RSI: 54.39 | MACD hist: 1.474 | Confidence: 50%
2026-04-30 14:32:33,770 [INFO]    → No clear signal — conditions not fully met
2026-04-30 14:32:33,770 [INFO]    ⏸  No action taken (HOLD or low confidence)
2026-04-30 14:32:34,083 [INFO] BNBUSDT | HOLD | RSI: 49.51 | MACD hist: 0.1388 | Confidence: 50%
2026-04-30 14:32:34,083 [INFO]    → No clear signal — conditions not fully met
2026-04-30 14:32:34,083 [INFO]    ⏸  No action taken (HOLD or low confidence)
2026-04-30 14:32:34,083 [INFO] 💤 Sleeping 15 minutes until next scan...
2026-04-30 14:47:34,084 [INFO] ──────────────────────────────────────────────────
2026-04-30 14:47:34,084 [INFO] 🔍 Scanning 3 pairs...
2026-04-30 14:47:34,376 [INFO] BTCUSDT | HOLD | RSI: 59.06 | MACD hist: 40.7643 | Confidence: 50%
2026-04-30 14:47:34,376 [INFO]    → No clear signal — conditions not fully met
2026-04-30 14:47:34,376 [INFO]    ⏸  No action taken (HOLD or low confidence)
2026-04-30 14:47:34,675 [INFO] ETHUSDT | HOLD | RSI: 57.55 | MACD hist: 1.4836 | Confidence: 50%
2026-04-30 14:47:34,675 [INFO]    → No clear signal — conditions not fully met
2026-04-30 14:47:34,675 [INFO]    ⏸  No action taken (HOLD or low confidence)
2026-04-30 14:47:34,885 [INFO] BNBUSDT | HOLD | RSI: 52.79 | MACD hist: 0.1504 | Confidence: 50%
2026-04-30 14:47:34,885 [INFO]    → No clear signal — conditions not fully met
2026-04-30 14:47:34,886 [INFO]    ⏸  No action taken (HOLD or low confidence)
2026-04-30 14:47:34,886 [INFO] 💤 Sleeping 15 minutes until next scan...
2026-05-01 11:20:32,049 [INFO] ──────────────────────────────────────────────────
2026-05-01 11:20:32,049 [INFO] 🔍 Scanning 3 pairs...
2026-05-01 11:20:32,343 [INFO] BTCUSDT | HOLD | RSI: 66.96 | MACD hist: 9.029 | Confidence: 50%
2026-05-01 11:20:32,343 [INFO]    → No clear signal — conditions not fully met
2026-05-01 11:20:32,343 [INFO]    → RSI leaning overbought (66.96) but MACD not confirmed
2026-05-01 11:20:32,343 [INFO]    ⏸  No action taken (HOLD or low confidence)
2026-05-01 11:20:32,650 [INFO] ETHUSDT | HOLD | RSI: 67.85 | MACD hist: 0.547 | Confidence: 50%
2026-05-01 11:20:32,651 [INFO]    → No clear signal — conditions not fully met
2026-05-01 11:20:32,651 [INFO]    → RSI leaning overbought (67.85) but MACD not confirmed
2026-05-01 11:20:32,651 [INFO]    ⏸  No action taken (HOLD or low confidence)
2026-05-01 11:20:32,957 [INFO] BNBUSDT | HOLD | RSI: 55.45 | MACD hist: -0.0106 | Confidence: 50%
2026-05-01 11:20:32,957 [INFO]    → No clear signal — conditions not fully met
2026-05-01 11:20:32,957 [INFO]    ⏸  No action taken (HOLD or low confidence)
2026-05-01 11:20:32,958 [INFO] 💤 Sleeping 15 minutes until next scan...
2026-05-01 12:06:44,825 [INFO] 🚀 Trading rig started
2026-05-01 12:06:44,825 [INFO]    Pairs: ['BTCUSDT', 'ETHUSDT', 'BNBUSDT']
2026-05-01 12:06:44,826 [INFO]    Interval: 15m
2026-05-01 12:06:44,826 [INFO]    Min confidence to fire: 0%
2026-05-01 12:06:44,826 [INFO] ──────────────────────────────────────────────────
2026-05-01 12:06:44,826 [INFO] 🔍 Scanning 3 pairs...
2026-05-01 12:06:45,132 [INFO] BTCUSDT | HOLD | RSI: 66.31 | MACD hist: -3.8736 | Confidence: 50%
2026-05-01 12:06:45,132 [INFO]    → No clear signal — conditions not fully met
2026-05-01 12:06:45,132 [INFO]    → RSI leaning overbought (66.31) but MACD not confirmed
2026-05-01 12:06:45,132 [INFO]    ⏸  No action taken (HOLD or low confidence)
2026-05-01 12:06:45,335 [INFO] ETHUSDT | HOLD | RSI: 67.1 | MACD hist: 0.081 | Confidence: 50%
2026-05-01 12:06:45,335 [INFO]    → No clear signal — conditions not fully met
2026-05-01 12:06:45,335 [INFO]    → RSI leaning overbought (67.1) but MACD not confirmed
2026-05-01 12:06:45,335 [INFO]    ⏸  No action taken (HOLD or low confidence)
2026-05-01 12:06:45,537 [INFO] BNBUSDT | HOLD | RSI: 54.03 | MACD hist: -0.028 | Confidence: 50%
2026-05-01 12:06:45,537 [INFO]    → No clear signal — conditions not fully met
2026-05-01 12:06:45,537 [INFO]    ⏸  No action taken (HOLD or low confidence)
2026-05-01 12:06:45,537 [INFO] 💤 Sleeping 15 minutes until next scan...
2026-05-01 12:21:45,537 [INFO] ──────────────────────────────────────────────────
2026-05-01 12:21:45,537 [INFO] 🔍 Scanning 3 pairs...
2026-05-01 12:21:45,835 [INFO] BTCUSDT | HOLD | RSI: 50.79 | MACD hist: -26.2753 | Confidence: 50%
2026-05-01 12:21:45,835 [INFO]    → No clear signal — conditions not fully met
2026-05-01 12:21:45,835 [INFO]    ⏸  No action taken (HOLD or low confidence)
2026-05-01 12:21:46,039 [INFO] ETHUSDT | HOLD | RSI: 46.76 | MACD hist: -0.9795 | Confidence: 50%
2026-05-01 12:21:46,039 [INFO]    → No clear signal — conditions not fully met
2026-05-01 12:21:46,039 [INFO]    ⏸  No action taken (HOLD or low confidence)
2026-05-01 12:21:46,347 [INFO] BNBUSDT | HOLD | RSI: 41.33 | MACD hist: -0.1652 | Confidence: 50%
2026-05-01 12:21:46,348 [INFO]    → No clear signal — conditions not fully met
2026-05-01 12:21:46,348 [INFO]    ⏸  No action taken (HOLD or low confidence)
2026-05-01 12:21:46,348 [INFO] 💤 Sleeping 15 minutes until next scan...
2026-05-01 12:36:46,348 [INFO] ──────────────────────────────────────────────────
2026-05-01 12:36:46,348 [INFO] 🔍 Scanning 3 pairs...
2026-05-01 12:36:46,598 [INFO] BTCUSDT | HOLD | RSI: 55.28 | MACD hist: -28.8779 | Confidence: 50%
2026-05-01 12:36:46,598 [INFO]    → No clear signal — conditions not fully met
2026-05-01 12:36:46,598 [INFO]    ⏸  No action taken (HOLD or low confidence)
2026-05-01 12:36:46,796 [INFO] ETHUSDT | HOLD | RSI: 49.91 | MACD hist: -1.1307 | Confidence: 50%
2026-05-01 12:36:46,796 [INFO]    → No clear signal — conditions not fully met
2026-05-01 12:36:46,796 [INFO]    ⏸  No action taken (HOLD or low confidence)
2026-05-01 12:36:47,077 [INFO] BNBUSDT | HOLD | RSI: 42.11 | MACD hist: -0.1931 | Confidence: 50%
2026-05-01 12:36:47,078 [INFO]    → No clear signal — conditions not fully met
2026-05-01 12:36:47,078 [INFO]    ⏸  No action taken (HOLD or low confidence)
2026-05-01 12:36:47,078 [INFO] 💤 Sleeping 15 minutes until next scan...
2026-05-01 12:51:47,078 [INFO] ──────────────────────────────────────────────────
2026-05-01 12:51:47,078 [INFO] 🔍 Scanning 3 pairs...
2026-05-01 12:51:47,401 [INFO] BTCUSDT | HOLD | RSI: 60.31 | MACD hist: -25.3794 | Confidence: 50%
2026-05-01 12:51:47,401 [INFO]    → No clear signal — conditions not fully met
2026-05-01 12:51:47,401 [INFO]    → RSI leaning overbought (60.31) but MACD not confirmed
2026-05-01 12:51:47,401 [INFO]    ⏸  No action taken (HOLD or low confidence)
2026-05-01 12:51:47,607 [INFO] ETHUSDT | HOLD | RSI: 54.32 | MACD hist: -1.1345 | Confidence: 50%
2026-05-01 12:51:47,607 [INFO]    → No clear signal — conditions not fully met
2026-05-01 12:51:47,607 [INFO]    ⏸  No action taken (HOLD or low confidence)
2026-05-01 12:51:47,919 [INFO] BNBUSDT | HOLD | RSI: 48.7 | MACD hist: -0.1474 | Confidence: 50%
2026-05-01 12:51:47,919 [INFO]    → No clear signal — conditions not fully met
2026-05-01 12:51:47,919 [INFO]    ⏸  No action taken (HOLD or low confidence)
2026-05-01 12:51:47,919 [INFO] 💤 Sleeping 15 minutes until next scan...
2026-05-01 13:06:47,919 [INFO] ──────────────────────────────────────────────────
2026-05-01 13:06:47,920 [INFO] 🔍 Scanning 3 pairs...
2026-05-01 13:06:48,231 [INFO] BTCUSDT | HOLD | RSI: 56.24 | MACD hist: -33.0847 | Confidence: 50%
2026-05-01 13:06:48,231 [INFO]    → No clear signal — conditions not fully met
2026-05-01 13:06:48,231 [INFO]    ⏸  No action taken (HOLD or low confidence)
2026-05-01 13:06:48,540 [INFO] ETHUSDT | HOLD | RSI: 51.03 | MACD hist: -1.4769 | Confidence: 50%
2026-05-01 13:06:48,540 [INFO]    → No clear signal — conditions not fully met
2026-05-01 13:06:48,540 [INFO]    ⏸  No action taken (HOLD or low confidence)
2026-05-01 13:06:48,742 [INFO] BNBUSDT | HOLD | RSI: 46.31 | MACD hist: -0.1793 | Confidence: 50%
2026-05-01 13:06:48,742 [INFO]    → No clear signal — conditions not fully met
2026-05-01 13:06:48,742 [INFO]    ⏸  No action taken (HOLD or low confidence)
2026-05-01 13:06:48,742 [INFO] 💤 Sleeping 15 minutes until next scan...
2026-05-01 13:21:48,743 [INFO] ──────────────────────────────────────────────────
2026-05-01 13:21:48,743 [INFO] 🔍 Scanning 3 pairs...
2026-05-01 13:21:49,068 [INFO] BTCUSDT | HOLD | RSI: 61.69 | MACD hist: -27.6281 | Confidence: 50%
2026-05-01 13:21:49,068 [INFO]    → No clear signal — conditions not fully met
2026-05-01 13:21:49,068 [INFO]    → RSI leaning overbought (61.69) but MACD not confirmed
2026-05-01 13:21:49,069 [INFO]    ⏸  No action taken (HOLD or low confidence)
2026-05-01 13:21:49,269 [INFO] ETHUSDT | HOLD | RSI: 56.89 | MACD hist: -1.2579 | Confidence: 50%
2026-05-01 13:21:49,270 [INFO]    → No clear signal — conditions not fully met
2026-05-01 13:21:49,270 [INFO]    ⏸  No action taken (HOLD or low confidence)
2026-05-01 13:21:49,575 [INFO] BNBUSDT | HOLD | RSI: 52.4 | MACD hist: -0.1264 | Confidence: 50%
2026-05-01 13:21:49,575 [INFO]    → No clear signal — conditions not fully met
2026-05-01 13:21:49,576 [INFO]    ⏸  No action taken (HOLD or low confidence)
2026-05-01 13:21:49,576 [INFO] 💤 Sleeping 15 minutes until next scan...
2026-05-01 13:42:18,301 [INFO] 🚀 Trading rig started
2026-05-01 13:42:18,301 [INFO]    Pairs: ['BTCUSDT', 'ETHUSDT', 'BNBUSDT']
2026-05-01 13:42:18,301 [INFO]    Interval: 15m
2026-05-01 13:42:18,301 [INFO]    Min confidence to fire: 0%
2026-05-01 13:42:18,301 [INFO] ──────────────────────────────────────────────────
2026-05-01 13:42:18,301 [INFO] 🔍 Scanning 3 pairs...
2026-05-01 13:42:18,549 [INFO] BTCUSDT | HOLD | RSI: 63.89 | MACD hist: -19.8228 | Confidence: 50%
2026-05-01 13:42:18,549 [INFO]    → No clear signal — conditions not fully met
2026-05-01 13:42:18,549 [INFO]    → RSI leaning overbought (63.89) but MACD not confirmed
2026-05-01 13:42:18,549 [INFO]    ⏸  No action taken (HOLD or low confidence)
2026-05-01 13:42:18,787 [INFO] ETHUSDT | HOLD | RSI: 59.89 | MACD hist: -0.9416 | Confidence: 50%
2026-05-01 13:42:18,787 [INFO]    → No clear signal — conditions not fully met
2026-05-01 13:42:18,787 [INFO]    ⏸  No action taken (HOLD or low confidence)
2026-05-01 13:42:19,092 [INFO] BNBUSDT | HOLD | RSI: 55.96 | MACD hist: -0.0556 | Confidence: 50%
2026-05-01 13:42:19,093 [INFO]    → No clear signal — conditions not fully met
2026-05-01 13:42:19,093 [INFO]    ⏸  No action taken (HOLD or low confidence)
2026-05-01 13:42:19,093 [INFO] 💤 Sleeping 15 minutes until next scan...
2026-05-01 18:27:04,373 [INFO] 🚀 Trading rig started
2026-05-01 18:27:04,373 [INFO]    Pairs: ['BTCUSDT', 'ETHUSDT', 'BNBUSDT']
2026-05-01 18:27:04,373 [INFO]    Interval: 15m
2026-05-01 18:27:04,373 [INFO]    Min confidence to fire: 0%
2026-05-01 18:27:04,373 [INFO] ──────────────────────────────────────────────────
2026-05-01 18:27:04,373 [INFO] 🔍 Scanning 3 pairs...
2026-05-01 18:27:04,706 [INFO] BTCUSDT | HOLD | RSI: 78.88 | MACD hist: 55.532 | Confidence: 50%
2026-05-01 18:27:04,707 [INFO]    → No clear signal — conditions not fully met
2026-05-01 18:27:04,707 [INFO]    → RSI leaning overbought (78.88) but MACD not confirmed
2026-05-01 18:27:04,707 [INFO]    ⏸  No action taken (HOLD or low confidence)
2026-05-01 18:27:04,994 [INFO] ETHUSDT | HOLD | RSI: 70.9 | MACD hist: 1.9254 | Confidence: 50%
2026-05-01 18:27:04,994 [INFO]    → No clear signal — conditions not fully met
2026-05-01 18:27:04,994 [INFO]    → RSI leaning overbought (70.9) but MACD not confirmed
2026-05-01 18:27:04,994 [INFO]    ⏸  No action taken (HOLD or low confidence)
2026-05-01 18:27:05,200 [INFO] BNBUSDT | HOLD | RSI: 60.79 | MACD hist: 0.2334 | Confidence: 50%
2026-05-01 18:27:05,200 [INFO]    → No clear signal — conditions not fully met
2026-05-01 18:27:05,200 [INFO]    → RSI leaning overbought (60.79) but MACD not confirmed
2026-05-01 18:27:05,200 [INFO]    ⏸  No action taken (HOLD or low confidence)
2026-05-01 18:27:05,200 [INFO] 💤 Sleeping 15 minutes until next scan...
